\BOOKMARK [1][-]{section.0.1}{\376\377\000H\000o\000w\000\040\000t\000o\000\040\000U\000s\000e\000\040\000T\000h\000i\000s\000\040\000B\000o\000o\000k}{}% 1
\BOOKMARK [0][-]{chapter.1}{\376\377\000L\000o\000s\000s\000\040\000F\000u\000n\000c\000t\000i\000o\000n\000s\000\040\000a\000n\000d\000\040\000O\000p\000t\000i\000m\000i\000z\000a\000t\000i\000o\000n\000\040\000T\000r\000a\000p\000s}{}% 2
\BOOKMARK [1][-]{section.1.1}{\376\377\000T\000h\000e\000\040\000A\000u\000t\000o\000-\000B\000i\000d\000d\000e\000r\000\040\000P\000a\000r\000a\000d\000o\000x}{chapter.1}% 3
\BOOKMARK [1][-]{section.1.2}{\376\377\000T\000h\000e\000\040\000M\000u\000l\000t\000i\000-\000O\000b\000j\000e\000c\000t\000i\000v\000e\000\040\000L\000o\000s\000s\000\040\000T\000r\000a\000p}{chapter.1}% 4
\BOOKMARK [1][-]{section.1.3}{\376\377\000T\000h\000e\000\040\000S\000o\000f\000t\000m\000a\000x\000\040\000T\000r\000a\000p}{chapter.1}% 5
\BOOKMARK [1][-]{section.1.4}{\376\377\000T\000h\000e\000\040\000F\000l\000a\000t\000\040\000L\000o\000s\000s\000\040\000T\000r\000a\000p}{chapter.1}% 6
\BOOKMARK [1][-]{section.1.5}{\376\377\000T\000h\000e\000\040\000V\000a\000n\000i\000s\000h\000i\000n\000g\000\040\000U\000p\000d\000a\000t\000e\000\040\000P\000a\000r\000a\000d\000o\000x}{chapter.1}% 7
\BOOKMARK [0][-]{chapter.2}{\376\377\000D\000a\000t\000a\000\040\000Q\000u\000a\000l\000i\000t\000y\000\040\000a\000n\000d\000\040\000D\000i\000s\000t\000r\000i\000b\000u\000t\000i\000o\000n\000\040\000I\000s\000s\000u\000e\000s}{}% 8
\BOOKMARK [1][-]{section.2.1}{\376\377\000T\000h\000e\000\040\000D\000a\000t\000a\000\040\000L\000e\000a\000k\000a\000g\000e\000\040\000T\000r\000a\000p}{chapter.2}% 9
\BOOKMARK [1][-]{section.2.2}{\376\377\000T\000h\000e\000\040\000G\000r\000a\000d\000i\000e\000n\000t\000\040\000D\000r\000o\000w\000n\000i\000n\000g\000\040\000T\000r\000a\000p}{chapter.2}% 10
\BOOKMARK [1][-]{section.2.3}{\376\377\000T\000h\000e\000\040\000S\000e\000m\000a\000n\000t\000i\000c\000\040\000I\000m\000b\000a\000l\000a\000n\000c\000e\000\040\000T\000r\000a\000p}{chapter.2}% 11
\BOOKMARK [1][-]{section.2.4}{\376\377\000T\000h\000e\000\040\000S\000i\000l\000e\000n\000t\000\040\000F\000e\000a\000t\000u\000r\000e\000\040\000D\000e\000a\000t\000h}{chapter.2}% 12
\BOOKMARK [1][-]{section.2.5}{\376\377\000T\000h\000e\000\040\000S\000i\000l\000e\000n\000t\000\040\000G\000r\000a\000v\000e\000y\000a\000r\000d\000\040\000E\000f\000f\000e\000c\000t}{chapter.2}% 13
\BOOKMARK [1][-]{section.2.6}{\376\377\000T\000h\000e\000\040\000P\000-\000V\000a\000l\000u\000e\000\040\000M\000i\000r\000a\000g\000e}{chapter.2}% 14
\BOOKMARK [0][-]{chapter.3}{\376\377\000M\000o\000d\000e\000l\000\040\000A\000r\000c\000h\000i\000t\000e\000c\000t\000u\000r\000e\000\040\000a\000n\000d\000\040\000T\000r\000a\000i\000n\000i\000n\000g\000\040\000C\000h\000a\000l\000l\000e\000n\000g\000e\000s}{}% 15
\BOOKMARK [1][-]{section.3.1}{\376\377\000W\000h\000e\000n\000\040\000D\000a\000t\000a\000\040\000I\000s\000\040\000S\000m\000a\000l\000l\000,\000\040\000R\000e\000p\000r\000e\000s\000e\000n\000t\000a\000t\000i\000o\000n\000\040\000I\000s\000\040\000K\000i\000n\000g}{chapter.3}% 16
\BOOKMARK [1][-]{section.3.2}{\376\377\000T\000h\000e\000\040\000C\000a\000t\000a\000s\000t\000r\000o\000p\000h\000i\000c\000\040\000F\000o\000r\000g\000e\000t\000t\000i\000n\000g\000\040\000T\000r\000a\000p}{chapter.3}% 17
\BOOKMARK [1][-]{section.3.3}{\376\377\000T\000h\000e\000\040\000L\000o\000R\000A\000\040\000K\000n\000o\000w\000l\000e\000d\000g\000e\000\040\000T\000r\000a\000p}{chapter.3}% 18
\BOOKMARK [1][-]{section.3.4}{\376\377\000T\000h\000e\000\040\000C\000u\000r\000s\000e\000\040\000o\000f\000\040\000M\000u\000l\000t\000i\000l\000i\000n\000g\000u\000a\000l\000i\000t\000y}{chapter.3}% 19
\BOOKMARK [1][-]{section.3.5}{\376\377\000T\000h\000e\000\040\000C\000o\000u\000n\000t\000e\000r\000i\000n\000t\000u\000i\000t\000i\000v\000e\000\040\000T\000r\000u\000t\000h\000\040\000A\000b\000o\000u\000t\000\040\000Q\000u\000a\000n\000t\000i\000z\000a\000t\000i\000o\000n\000\040\000a\000n\000d\000\040\000R\000o\000b\000u\000s\000t\000n\000e\000s\000s}{chapter.3}% 20
\BOOKMARK [0][-]{chapter.4}{\376\377\000E\000v\000a\000l\000u\000a\000t\000i\000o\000n\000\040\000a\000n\000d\000\040\000V\000a\000l\000i\000d\000a\000t\000i\000o\000n\000\040\000P\000i\000t\000f\000a\000l\000l\000s}{}% 21
\BOOKMARK [1][-]{section.4.1}{\376\377\000T\000h\000e\000\040\000R\000O\000C\000\040\000C\000u\000r\000v\000e\000\040\000M\000i\000r\000a\000g\000e}{chapter.4}% 22
\BOOKMARK [1][-]{section.4.2}{\376\377\000T\000h\000e\000\040\000G\000a\000l\000l\000b\000l\000a\000d\000d\000e\000r\000\040\000I\000l\000l\000u\000s\000i\000o\000n}{chapter.4}% 23
\BOOKMARK [1][-]{section.4.3}{\376\377\000T\000h\000e\000\040\000S\000O\000T\000A\000\040\000T\000r\000a\000p}{chapter.4}% 24
\BOOKMARK [0][-]{chapter.5}{\376\377\000S\000y\000s\000t\000e\000m\000\040\000A\000r\000c\000h\000i\000t\000e\000c\000t\000u\000r\000e\000\040\000a\000n\000d\000\040\000I\000n\000f\000r\000a\000s\000t\000r\000u\000c\000t\000u\000r\000e}{}% 25
\BOOKMARK [1][-]{section.5.1}{\376\377\000T\000h\000e\000\040\000I\000n\000f\000i\000n\000i\000t\000e\000\040\000S\000t\000r\000e\000a\000m\000\040\000T\000r\000a\000p}{chapter.5}% 26
\BOOKMARK [1][-]{section.5.2}{\376\377\000T\000h\000e\000\040\000S\000t\000r\000e\000a\000m\000i\000n\000g\000\040\000M\000e\000d\000i\000a\000n\000\040\000T\000r\000a\000p}{chapter.5}% 27
\BOOKMARK [1][-]{section.5.3}{\376\377\000T\000h\000e\000\040\0001\0000\000-\000M\000i\000n\000u\000t\000e\000\040\000H\000o\000r\000i\000z\000o\000n}{chapter.5}% 28
\BOOKMARK [1][-]{section.5.4}{\376\377\000T\000h\000e\000\040\000D\000a\000t\000a\000b\000a\000s\000e\000-\000a\000s\000-\000Q\000u\000e\000u\000e\000\040\000T\000r\000a\000p}{chapter.5}% 29
\BOOKMARK [0][-]{chapter.6}{\376\377\000P\000r\000o\000d\000u\000c\000t\000i\000o\000n\000\040\000S\000y\000s\000t\000e\000m\000s\000\040\000a\000n\000d\000\040\000F\000e\000e\000d\000b\000a\000c\000k\000\040\000L\000o\000o\000p\000s}{}% 30
\BOOKMARK [1][-]{section.6.1}{\376\377\000T\000h\000e\000\040\000C\000T\000R\000\040\000F\000e\000e\000d\000b\000a\000c\000k\000\040\000L\000o\000o\000p\000\040\000T\000r\000a\000p}{chapter.6}% 31
\BOOKMARK [1][-]{section.6.2}{\376\377\000T\000h\000e\000\040\000G\000r\000e\000e\000d\000y\000\040\000S\000e\000a\000r\000c\000h\000\040\000T\000r\000a\000p}{chapter.6}% 32
\BOOKMARK [0][-]{subsection.6.2.9}{\376\377\000I\000n\000d\000e\000x}{}% 33
